<?xml version="1.0" encoding="UTF-8"?>
<testng-results ignored="0" total="14" passed="13" failed="1" skipped="0">
  <reporter-output>
  </reporter-output>
  <suite started-at="2022-09-28T20:20:11 ICT" name="Default suite" finished-at="2022-09-28T20:20:45 ICT" duration-ms="33715">
    <groups>
      <group name="cucumber">
        <method signature="AbstractTestNGCucumberTests.runScenario(io.cucumber.testng.PickleWrapper,io.cucumber.testng.FeatureWrapper)[pri:0, instance:cucumber.framework.runner.hrms.sceneoutlinefix.OutlineRunner@57bc27f5]" name="runScenario" class="io.cucumber.testng.AbstractTestNGCucumberTests"/>
      </group> <!-- cucumber -->
    </groups>
    <test started-at="2022-09-28T20:20:11 ICT" name="Default test" finished-at="2022-09-28T20:20:45 ICT" duration-ms="33715">
      <class name="cucumber.framework.runner.hrms.sceneoutlinefix.OutlineRunner">
        <test-method is-config="true" signature="setUpClass(org.testng.ITestContext)[pri:0, instance:cucumber.framework.runner.hrms.sceneoutlinefix.OutlineRunner@57bc27f5]" started-at="2022-09-28T20:20:11 ICT" name="setUpClass" finished-at="2022-09-28T20:20:12 ICT" duration-ms="663" status="PASS">
          <params>
            <param index="0">
              <value>
                <![CDATA[org.testng.TestRunner@3b7b0b57]]>
              </value>
            </param>
          </params>
          <reporter-output>
          </reporter-output>
        </test-method> <!-- setUpClass -->
        <test-method signature="runScenario(io.cucumber.testng.PickleWrapper,io.cucumber.testng.FeatureWrapper)[pri:0, instance:cucumber.framework.runner.hrms.sceneoutlinefix.OutlineRunner@57bc27f5]" started-at="2022-09-28T20:20:12 ICT" name="runScenario" description="Runs Cucumber Scenarios" data-provider="scenarios" finished-at="2022-09-28T20:20:22 ICT" duration-ms="10045" status="PASS">
          <params>
            <param index="0">
              <value>
                <![CDATA["User invalid login Outlinee"]]>
              </value>
            </param>
            <param index="1">
              <value>
                <![CDATA["Login Invalid Username Password"]]>
              </value>
            </param>
          </params>
          <reporter-output>
          </reporter-output>
        </test-method> <!-- runScenario -->
        <test-method signature="runScenario(io.cucumber.testng.PickleWrapper,io.cucumber.testng.FeatureWrapper)[pri:0, instance:cucumber.framework.runner.hrms.sceneoutlinefix.OutlineRunner@57bc27f5]" started-at="2022-09-28T20:20:22 ICT" name="runScenario" description="Runs Cucumber Scenarios" data-provider="scenarios" finished-at="2022-09-28T20:20:23 ICT" duration-ms="1817" status="PASS">
          <params>
            <param index="0">
              <value>
                <![CDATA["User invalid login Outlinee"]]>
              </value>
            </param>
            <param index="1">
              <value>
                <![CDATA["Login Invalid Username Password"]]>
              </value>
            </param>
          </params>
          <reporter-output>
          </reporter-output>
        </test-method> <!-- runScenario -->
        <test-method signature="runScenario(io.cucumber.testng.PickleWrapper,io.cucumber.testng.FeatureWrapper)[pri:0, instance:cucumber.framework.runner.hrms.sceneoutlinefix.OutlineRunner@57bc27f5]" started-at="2022-09-28T20:20:23 ICT" name="runScenario" description="Runs Cucumber Scenarios" data-provider="scenarios" finished-at="2022-09-28T20:20:25 ICT" duration-ms="1803" status="PASS">
          <params>
            <param index="0">
              <value>
                <![CDATA["User invalid login Outlinee"]]>
              </value>
            </param>
            <param index="1">
              <value>
                <![CDATA["Login Invalid Username Password"]]>
              </value>
            </param>
          </params>
          <reporter-output>
          </reporter-output>
        </test-method> <!-- runScenario -->
        <test-method signature="runScenario(io.cucumber.testng.PickleWrapper,io.cucumber.testng.FeatureWrapper)[pri:0, instance:cucumber.framework.runner.hrms.sceneoutlinefix.OutlineRunner@57bc27f5]" started-at="2022-09-28T20:20:25 ICT" name="runScenario" description="Runs Cucumber Scenarios" data-provider="scenarios" finished-at="2022-09-28T20:20:27 ICT" duration-ms="1934" status="PASS">
          <params>
            <param index="0">
              <value>
                <![CDATA["User invalid login Outlinee"]]>
              </value>
            </param>
            <param index="1">
              <value>
                <![CDATA["Login Invalid Username Password"]]>
              </value>
            </param>
          </params>
          <reporter-output>
          </reporter-output>
        </test-method> <!-- runScenario -->
        <test-method signature="runScenario(io.cucumber.testng.PickleWrapper,io.cucumber.testng.FeatureWrapper)[pri:0, instance:cucumber.framework.runner.hrms.sceneoutlinefix.OutlineRunner@57bc27f5]" started-at="2022-09-28T20:20:27 ICT" name="runScenario" description="Runs Cucumber Scenarios" data-provider="scenarios" finished-at="2022-09-28T20:20:29 ICT" duration-ms="1874" status="PASS">
          <params>
            <param index="0">
              <value>
                <![CDATA["User invalid login Outlinee"]]>
              </value>
            </param>
            <param index="1">
              <value>
                <![CDATA["Login Invalid Username Password"]]>
              </value>
            </param>
          </params>
          <reporter-output>
          </reporter-output>
        </test-method> <!-- runScenario -->
        <test-method signature="runScenario(io.cucumber.testng.PickleWrapper,io.cucumber.testng.FeatureWrapper)[pri:0, instance:cucumber.framework.runner.hrms.sceneoutlinefix.OutlineRunner@57bc27f5]" started-at="2022-09-28T20:20:29 ICT" name="runScenario" description="Runs Cucumber Scenarios" data-provider="scenarios" finished-at="2022-09-28T20:20:31 ICT" duration-ms="1793" status="PASS">
          <params>
            <param index="0">
              <value>
                <![CDATA["User invalid login Outlinee"]]>
              </value>
            </param>
            <param index="1">
              <value>
                <![CDATA["Login Invalid Username Password"]]>
              </value>
            </param>
          </params>
          <reporter-output>
          </reporter-output>
        </test-method> <!-- runScenario -->
        <test-method signature="runScenario(io.cucumber.testng.PickleWrapper,io.cucumber.testng.FeatureWrapper)[pri:0, instance:cucumber.framework.runner.hrms.sceneoutlinefix.OutlineRunner@57bc27f5]" started-at="2022-09-28T20:20:31 ICT" name="runScenario" description="Runs Cucumber Scenarios" data-provider="scenarios" finished-at="2022-09-28T20:20:32 ICT" duration-ms="1094" status="PASS">
          <params>
            <param index="0">
              <value>
                <![CDATA["User invalid empty username and password Outline"]]>
              </value>
            </param>
            <param index="1">
              <value>
                <![CDATA["Login Invalid Username Password"]]>
              </value>
            </param>
          </params>
          <reporter-output>
          </reporter-output>
        </test-method> <!-- runScenario -->
        <test-method signature="runScenario(io.cucumber.testng.PickleWrapper,io.cucumber.testng.FeatureWrapper)[pri:0, instance:cucumber.framework.runner.hrms.sceneoutlinefix.OutlineRunner@57bc27f5]" started-at="2022-09-28T20:20:32 ICT" name="runScenario" description="Runs Cucumber Scenarios" data-provider="scenarios" finished-at="2022-09-28T20:20:33 ICT" duration-ms="1096" status="PASS">
          <params>
            <param index="0">
              <value>
                <![CDATA["User invalid empty username and password Outline"]]>
              </value>
            </param>
            <param index="1">
              <value>
                <![CDATA["Login Invalid Username Password"]]>
              </value>
            </param>
          </params>
          <reporter-output>
          </reporter-output>
        </test-method> <!-- runScenario -->
        <test-method signature="runScenario(io.cucumber.testng.PickleWrapper,io.cucumber.testng.FeatureWrapper)[pri:0, instance:cucumber.framework.runner.hrms.sceneoutlinefix.OutlineRunner@57bc27f5]" started-at="2022-09-28T20:20:33 ICT" name="runScenario" description="Runs Cucumber Scenarios" data-provider="scenarios" finished-at="2022-09-28T20:20:34 ICT" duration-ms="1059" status="PASS">
          <params>
            <param index="0">
              <value>
                <![CDATA["User invalid empty username and password Outline"]]>
              </value>
            </param>
            <param index="1">
              <value>
                <![CDATA["Login Invalid Username Password"]]>
              </value>
            </param>
          </params>
          <reporter-output>
          </reporter-output>
        </test-method> <!-- runScenario -->
        <test-method signature="runScenario(io.cucumber.testng.PickleWrapper,io.cucumber.testng.FeatureWrapper)[pri:0, instance:cucumber.framework.runner.hrms.sceneoutlinefix.OutlineRunner@57bc27f5]" started-at="2022-09-28T20:20:34 ICT" name="runScenario" description="Runs Cucumber Scenarios" data-provider="scenarios" finished-at="2022-09-28T20:20:35 ICT" duration-ms="1071" status="PASS">
          <params>
            <param index="0">
              <value>
                <![CDATA["User invalid empty username and password Outline"]]>
              </value>
            </param>
            <param index="1">
              <value>
                <![CDATA["Login Invalid Username Password"]]>
              </value>
            </param>
          </params>
          <reporter-output>
          </reporter-output>
        </test-method> <!-- runScenario -->
        <test-method signature="runScenario(io.cucumber.testng.PickleWrapper,io.cucumber.testng.FeatureWrapper)[pri:0, instance:cucumber.framework.runner.hrms.sceneoutlinefix.OutlineRunner@57bc27f5]" started-at="2022-09-28T20:20:35 ICT" name="runScenario" description="Runs Cucumber Scenarios" data-provider="scenarios" finished-at="2022-09-28T20:20:36 ICT" duration-ms="1089" status="PASS">
          <params>
            <param index="0">
              <value>
                <![CDATA["User invalid empty username and password Outline"]]>
              </value>
            </param>
            <param index="1">
              <value>
                <![CDATA["Login Invalid Username Password"]]>
              </value>
            </param>
          </params>
          <reporter-output>
          </reporter-output>
        </test-method> <!-- runScenario -->
        <test-method signature="runScenario(io.cucumber.testng.PickleWrapper,io.cucumber.testng.FeatureWrapper)[pri:0, instance:cucumber.framework.runner.hrms.sceneoutlinefix.OutlineRunner@57bc27f5]" started-at="2022-09-28T20:20:36 ICT" name="runScenario" description="Runs Cucumber Scenarios" data-provider="scenarios" finished-at="2022-09-28T20:20:37 ICT" duration-ms="1123" status="PASS">
          <params>
            <param index="0">
              <value>
                <![CDATA["User invalid empty username and password Outline"]]>
              </value>
            </param>
            <param index="1">
              <value>
                <![CDATA["Login Invalid Username Password"]]>
              </value>
            </param>
          </params>
          <reporter-output>
          </reporter-output>
        </test-method> <!-- runScenario -->
        <test-method signature="runScenario(io.cucumber.testng.PickleWrapper,io.cucumber.testng.FeatureWrapper)[pri:0, instance:cucumber.framework.runner.hrms.sceneoutlinefix.OutlineRunner@57bc27f5]" started-at="2022-09-28T20:20:37 ICT" name="runScenario" description="Runs Cucumber Scenarios" data-provider="scenarios" finished-at="2022-09-28T20:20:40 ICT" duration-ms="3079" status="PASS">
          <params>
            <param index="0">
              <value>
                <![CDATA["User valid login"]]>
              </value>
            </param>
            <param index="1">
              <value>
                <![CDATA["Login Valid HRMS"]]>
              </value>
            </param>
          </params>
          <reporter-output>
          </reporter-output>
        </test-method> <!-- runScenario -->
        <test-method signature="runScenario(io.cucumber.testng.PickleWrapper,io.cucumber.testng.FeatureWrapper)[pri:0, instance:cucumber.framework.runner.hrms.sceneoutlinefix.OutlineRunner@57bc27f5]" started-at="2022-09-28T20:20:40 ICT" name="runScenario" description="Runs Cucumber Scenarios" data-provider="scenarios" finished-at="2022-09-28T20:20:42 ICT" duration-ms="1243" status="FAIL">
          <params>
            <param index="0">
              <value>
                <![CDATA["Dashboard user function"]]>
              </value>
            </param>
            <param index="1">
              <value>
                <![CDATA["Dashboard User HRMS"]]>
              </value>
            </param>
          </params>
          <exception class="java.lang.AssertionError">
            <message>
              <![CDATA[expected [Launching Soo] but found [Launching Soon]]]>
            </message>
            <full-stacktrace>
              <![CDATA[java.lang.AssertionError: expected [Launching Soo] but found [Launching Soon]
at org.testng.Assert.fail(Assert.java:110)
at org.testng.Assert.failNotEquals(Assert.java:1413)
at org.testng.Assert.assertEqualsImpl(Assert.java:149)
at org.testng.Assert.assertEquals(Assert.java:131)
at org.testng.Assert.assertEquals(Assert.java:655)
at org.testng.Assert.assertEquals(Assert.java:665)
at cucumber.framework.runner.hrms.sceneoutlinefix.Dashboard.user_on_menu_dashboard(Dashboard.java:35)
at âœ½.User on menu Dashboard(file:///D:/git-repos/SQA-JAVA/Generate-Jar-File/GenerateJarCucumber/src/main/resources/hrms/sceneoutlinefix/0004dashboard.feature:5)
]]>
            </full-stacktrace>
          </exception> <!-- java.lang.AssertionError -->
          <reporter-output>
          </reporter-output>
        </test-method> <!-- runScenario -->
        <test-method is-config="true" signature="tearDownClass()[pri:0, instance:cucumber.framework.runner.hrms.sceneoutlinefix.OutlineRunner@57bc27f5]" started-at="2022-09-28T20:20:42 ICT" name="tearDownClass" finished-at="2022-09-28T20:20:45 ICT" duration-ms="2856" status="PASS">
          <reporter-output>
          </reporter-output>
        </test-method> <!-- tearDownClass -->
      </class> <!-- cucumber.framework.runner.hrms.sceneoutlinefix.OutlineRunner -->
    </test> <!-- Default test -->
  </suite> <!-- Default suite -->
</testng-results>
