<?xml version="1.0" encoding="UTF-8"?>
<testng-results ignored="0" total="14" passed="13" failed="1" skipped="0">
  <reporter-output>
  </reporter-output>
  <suite started-at="2022-09-20T01:48:40 WIB" name="Default suite" finished-at="2022-09-20T01:49:19 WIB" duration-ms="38626">
    <groups>
      <group name="cucumber">
        <method signature="AbstractTestNGCucumberTests.runScenario(io.cucumber.testng.PickleWrapper,io.cucumber.testng.FeatureWrapper)[pri:0, instance:cucumber.framework.runner.hrms.sceneoutlinefix.OutlineRunner@76a4ebf2]" name="runScenario" class="io.cucumber.testng.AbstractTestNGCucumberTests"/>
      </group> <!-- cucumber -->
    </groups>
    <test started-at="2022-09-20T01:48:40 WIB" name="Default test" finished-at="2022-09-20T01:49:19 WIB" duration-ms="38626">
      <class name="cucumber.framework.runner.hrms.sceneoutlinefix.OutlineRunner">
        <test-method is-config="true" signature="setUpClass(org.testng.ITestContext)[pri:0, instance:cucumber.framework.runner.hrms.sceneoutlinefix.OutlineRunner@76a4ebf2]" started-at="2022-09-20T01:48:40 WIB" name="setUpClass" finished-at="2022-09-20T01:48:41 WIB" duration-ms="526" status="PASS">
          <params>
            <param index="0">
              <value>
                <![CDATA[org.testng.TestRunner@70697478]]>
              </value>
            </param>
          </params>
          <reporter-output>
          </reporter-output>
        </test-method> <!-- setUpClass -->
        <test-method signature="runScenario(io.cucumber.testng.PickleWrapper,io.cucumber.testng.FeatureWrapper)[pri:0, instance:cucumber.framework.runner.hrms.sceneoutlinefix.OutlineRunner@76a4ebf2]" started-at="2022-09-20T01:48:41 WIB" name="runScenario" description="Runs Cucumber Scenarios" data-provider="scenarios" finished-at="2022-09-20T01:48:57 WIB" duration-ms="16380" status="PASS">
          <params>
            <param index="0">
              <value>
                <![CDATA["User invalid login Outlinee"]]>
              </value>
            </param>
            <param index="1">
              <value>
                <![CDATA["Login Invalid Username Password"]]>
              </value>
            </param>
          </params>
          <reporter-output>
          </reporter-output>
        </test-method> <!-- runScenario -->
        <test-method signature="runScenario(io.cucumber.testng.PickleWrapper,io.cucumber.testng.FeatureWrapper)[pri:0, instance:cucumber.framework.runner.hrms.sceneoutlinefix.OutlineRunner@76a4ebf2]" started-at="2022-09-20T01:48:57 WIB" name="runScenario" description="Runs Cucumber Scenarios" data-provider="scenarios" finished-at="2022-09-20T01:48:59 WIB" duration-ms="1556" status="PASS">
          <params>
            <param index="0">
              <value>
                <![CDATA["User invalid login Outlinee"]]>
              </value>
            </param>
            <param index="1">
              <value>
                <![CDATA["Login Invalid Username Password"]]>
              </value>
            </param>
          </params>
          <reporter-output>
          </reporter-output>
        </test-method> <!-- runScenario -->
        <test-method signature="runScenario(io.cucumber.testng.PickleWrapper,io.cucumber.testng.FeatureWrapper)[pri:0, instance:cucumber.framework.runner.hrms.sceneoutlinefix.OutlineRunner@76a4ebf2]" started-at="2022-09-20T01:48:59 WIB" name="runScenario" description="Runs Cucumber Scenarios" data-provider="scenarios" finished-at="2022-09-20T01:49:00 WIB" duration-ms="1590" status="PASS">
          <params>
            <param index="0">
              <value>
                <![CDATA["User invalid login Outlinee"]]>
              </value>
            </param>
            <param index="1">
              <value>
                <![CDATA["Login Invalid Username Password"]]>
              </value>
            </param>
          </params>
          <reporter-output>
          </reporter-output>
        </test-method> <!-- runScenario -->
        <test-method signature="runScenario(io.cucumber.testng.PickleWrapper,io.cucumber.testng.FeatureWrapper)[pri:0, instance:cucumber.framework.runner.hrms.sceneoutlinefix.OutlineRunner@76a4ebf2]" started-at="2022-09-20T01:49:00 WIB" name="runScenario" description="Runs Cucumber Scenarios" data-provider="scenarios" finished-at="2022-09-20T01:49:02 WIB" duration-ms="1809" status="PASS">
          <params>
            <param index="0">
              <value>
                <![CDATA["User invalid login Outlinee"]]>
              </value>
            </param>
            <param index="1">
              <value>
                <![CDATA["Login Invalid Username Password"]]>
              </value>
            </param>
          </params>
          <reporter-output>
          </reporter-output>
        </test-method> <!-- runScenario -->
        <test-method signature="runScenario(io.cucumber.testng.PickleWrapper,io.cucumber.testng.FeatureWrapper)[pri:0, instance:cucumber.framework.runner.hrms.sceneoutlinefix.OutlineRunner@76a4ebf2]" started-at="2022-09-20T01:49:02 WIB" name="runScenario" description="Runs Cucumber Scenarios" data-provider="scenarios" finished-at="2022-09-20T01:49:04 WIB" duration-ms="1643" status="PASS">
          <params>
            <param index="0">
              <value>
                <![CDATA["User invalid login Outlinee"]]>
              </value>
            </param>
            <param index="1">
              <value>
                <![CDATA["Login Invalid Username Password"]]>
              </value>
            </param>
          </params>
          <reporter-output>
          </reporter-output>
        </test-method> <!-- runScenario -->
        <test-method signature="runScenario(io.cucumber.testng.PickleWrapper,io.cucumber.testng.FeatureWrapper)[pri:0, instance:cucumber.framework.runner.hrms.sceneoutlinefix.OutlineRunner@76a4ebf2]" started-at="2022-09-20T01:49:04 WIB" name="runScenario" description="Runs Cucumber Scenarios" data-provider="scenarios" finished-at="2022-09-20T01:49:05 WIB" duration-ms="1556" status="PASS">
          <params>
            <param index="0">
              <value>
                <![CDATA["User invalid login Outlinee"]]>
              </value>
            </param>
            <param index="1">
              <value>
                <![CDATA["Login Invalid Username Password"]]>
              </value>
            </param>
          </params>
          <reporter-output>
          </reporter-output>
        </test-method> <!-- runScenario -->
        <test-method signature="runScenario(io.cucumber.testng.PickleWrapper,io.cucumber.testng.FeatureWrapper)[pri:0, instance:cucumber.framework.runner.hrms.sceneoutlinefix.OutlineRunner@76a4ebf2]" started-at="2022-09-20T01:49:05 WIB" name="runScenario" description="Runs Cucumber Scenarios" data-provider="scenarios" finished-at="2022-09-20T01:49:06 WIB" duration-ms="981" status="PASS">
          <params>
            <param index="0">
              <value>
                <![CDATA["User invalid empty username and password Outline"]]>
              </value>
            </param>
            <param index="1">
              <value>
                <![CDATA["Login Invalid Username Password"]]>
              </value>
            </param>
          </params>
          <reporter-output>
          </reporter-output>
        </test-method> <!-- runScenario -->
        <test-method signature="runScenario(io.cucumber.testng.PickleWrapper,io.cucumber.testng.FeatureWrapper)[pri:0, instance:cucumber.framework.runner.hrms.sceneoutlinefix.OutlineRunner@76a4ebf2]" started-at="2022-09-20T01:49:06 WIB" name="runScenario" description="Runs Cucumber Scenarios" data-provider="scenarios" finished-at="2022-09-20T01:49:07 WIB" duration-ms="920" status="PASS">
          <params>
            <param index="0">
              <value>
                <![CDATA["User invalid empty username and password Outline"]]>
              </value>
            </param>
            <param index="1">
              <value>
                <![CDATA["Login Invalid Username Password"]]>
              </value>
            </param>
          </params>
          <reporter-output>
          </reporter-output>
        </test-method> <!-- runScenario -->
        <test-method signature="runScenario(io.cucumber.testng.PickleWrapper,io.cucumber.testng.FeatureWrapper)[pri:0, instance:cucumber.framework.runner.hrms.sceneoutlinefix.OutlineRunner@76a4ebf2]" started-at="2022-09-20T01:49:07 WIB" name="runScenario" description="Runs Cucumber Scenarios" data-provider="scenarios" finished-at="2022-09-20T01:49:08 WIB" duration-ms="1060" status="PASS">
          <params>
            <param index="0">
              <value>
                <![CDATA["User invalid empty username and password Outline"]]>
              </value>
            </param>
            <param index="1">
              <value>
                <![CDATA["Login Invalid Username Password"]]>
              </value>
            </param>
          </params>
          <reporter-output>
          </reporter-output>
        </test-method> <!-- runScenario -->
        <test-method signature="runScenario(io.cucumber.testng.PickleWrapper,io.cucumber.testng.FeatureWrapper)[pri:0, instance:cucumber.framework.runner.hrms.sceneoutlinefix.OutlineRunner@76a4ebf2]" started-at="2022-09-20T01:49:08 WIB" name="runScenario" description="Runs Cucumber Scenarios" data-provider="scenarios" finished-at="2022-09-20T01:49:09 WIB" duration-ms="949" status="PASS">
          <params>
            <param index="0">
              <value>
                <![CDATA["User invalid empty username and password Outline"]]>
              </value>
            </param>
            <param index="1">
              <value>
                <![CDATA["Login Invalid Username Password"]]>
              </value>
            </param>
          </params>
          <reporter-output>
          </reporter-output>
        </test-method> <!-- runScenario -->
        <test-method signature="runScenario(io.cucumber.testng.PickleWrapper,io.cucumber.testng.FeatureWrapper)[pri:0, instance:cucumber.framework.runner.hrms.sceneoutlinefix.OutlineRunner@76a4ebf2]" started-at="2022-09-20T01:49:09 WIB" name="runScenario" description="Runs Cucumber Scenarios" data-provider="scenarios" finished-at="2022-09-20T01:49:10 WIB" duration-ms="1021" status="PASS">
          <params>
            <param index="0">
              <value>
                <![CDATA["User invalid empty username and password Outline"]]>
              </value>
            </param>
            <param index="1">
              <value>
                <![CDATA["Login Invalid Username Password"]]>
              </value>
            </param>
          </params>
          <reporter-output>
          </reporter-output>
        </test-method> <!-- runScenario -->
        <test-method signature="runScenario(io.cucumber.testng.PickleWrapper,io.cucumber.testng.FeatureWrapper)[pri:0, instance:cucumber.framework.runner.hrms.sceneoutlinefix.OutlineRunner@76a4ebf2]" started-at="2022-09-20T01:49:10 WIB" name="runScenario" description="Runs Cucumber Scenarios" data-provider="scenarios" finished-at="2022-09-20T01:49:11 WIB" duration-ms="1238" status="PASS">
          <params>
            <param index="0">
              <value>
                <![CDATA["User invalid empty username and password Outline"]]>
              </value>
            </param>
            <param index="1">
              <value>
                <![CDATA["Login Invalid Username Password"]]>
              </value>
            </param>
          </params>
          <reporter-output>
          </reporter-output>
        </test-method> <!-- runScenario -->
        <test-method signature="runScenario(io.cucumber.testng.PickleWrapper,io.cucumber.testng.FeatureWrapper)[pri:0, instance:cucumber.framework.runner.hrms.sceneoutlinefix.OutlineRunner@76a4ebf2]" started-at="2022-09-20T01:49:11 WIB" name="runScenario" description="Runs Cucumber Scenarios" data-provider="scenarios" finished-at="2022-09-20T01:49:15 WIB" duration-ms="3971" status="PASS">
          <params>
            <param index="0">
              <value>
                <![CDATA["User valid login"]]>
              </value>
            </param>
            <param index="1">
              <value>
                <![CDATA["Login Valid HRMS"]]>
              </value>
            </param>
          </params>
          <reporter-output>
          </reporter-output>
        </test-method> <!-- runScenario -->
        <test-method signature="runScenario(io.cucumber.testng.PickleWrapper,io.cucumber.testng.FeatureWrapper)[pri:0, instance:cucumber.framework.runner.hrms.sceneoutlinefix.OutlineRunner@76a4ebf2]" started-at="2022-09-20T01:49:15 WIB" name="runScenario" description="Runs Cucumber Scenarios" data-provider="scenarios" finished-at="2022-09-20T01:49:16 WIB" duration-ms="1125" status="FAIL">
          <params>
            <param index="0">
              <value>
                <![CDATA["Dashboard user function"]]>
              </value>
            </param>
            <param index="1">
              <value>
                <![CDATA["Dashboard User HRMS"]]>
              </value>
            </param>
          </params>
          <exception class="java.lang.AssertionError">
            <message>
              <![CDATA[expected [Launching Soo] but found [Launching Soon]]]>
            </message>
            <full-stacktrace>
              <![CDATA[java.lang.AssertionError: expected [Launching Soo] but found [Launching Soon]
at org.testng.Assert.fail(Assert.java:99)
at org.testng.Assert.failNotEquals(Assert.java:1037)
at org.testng.Assert.assertEqualsImpl(Assert.java:140)
at org.testng.Assert.assertEquals(Assert.java:122)
at org.testng.Assert.assertEquals(Assert.java:629)
at org.testng.Assert.assertEquals(Assert.java:639)
at cucumber.framework.runner.hrms.sceneoutlinefix.Dashboard.user_on_menu_dashboard(Dashboard.java:35)
at ✽.User on menu Dashboard(file:///C:/Users/pollc/eclipse-workspace/GenerateJarCucumber/src/main/resources/hrms/sceneoutlinefix/0004dashboard.feature:5)
]]>
            </full-stacktrace>
          </exception> <!-- java.lang.AssertionError -->
          <reporter-output>
          </reporter-output>
        </test-method> <!-- runScenario -->
        <test-method is-config="true" signature="tearDownClass()[pri:0, instance:cucumber.framework.runner.hrms.sceneoutlinefix.OutlineRunner@76a4ebf2]" started-at="2022-09-20T01:49:17 WIB" name="tearDownClass" finished-at="2022-09-20T01:49:19 WIB" duration-ms="2268" status="PASS">
          <reporter-output>
          </reporter-output>
        </test-method> <!-- tearDownClass -->
      </class> <!-- cucumber.framework.runner.hrms.sceneoutlinefix.OutlineRunner -->
    </test> <!-- Default test -->
  </suite> <!-- Default suite -->
</testng-results>
