<?xml version="1.0" encoding="UTF-8"?>
<!-- Generated by org.testng.reporters.JUnitReportReporter -->
<testsuite hostname="PAUL" failures="1" tests="14" name="cucumber.framework.runner.hrms.sceneoutlinefix.OutlineRunner" time="30.120" errors="0" timestamp="2022-09-28T20:20:45 ICT" skipped="0">
  <testcase classname="cucumber.framework.runner.hrms.sceneoutlinefix.OutlineRunner" name="runScenario" time="1.089"/>
  <system-out/>
  <testcase classname="cucumber.framework.runner.hrms.sceneoutlinefix.OutlineRunner" name="runScenario" time="1.123"/>
  <system-out/>
  <testcase classname="cucumber.framework.runner.hrms.sceneoutlinefix.OutlineRunner" name="runScenario" time="1.094"/>
  <system-out/>
  <testcase classname="cucumber.framework.runner.hrms.sceneoutlinefix.OutlineRunner" name="runScenario" time="1.793"/>
  <system-out/>
  <testcase classname="cucumber.framework.runner.hrms.sceneoutlinefix.OutlineRunner" name="runScenario" time="10.045"/>
  <system-out/>
  <testcase classname="cucumber.framework.runner.hrms.sceneoutlinefix.OutlineRunner" name="runScenario" time="1.803"/>
  <system-out/>
  <testcase classname="cucumber.framework.runner.hrms.sceneoutlinefix.OutlineRunner" name="runScenario" time="1.934"/>
  <system-out/>
  <testcase classname="cucumber.framework.runner.hrms.sceneoutlinefix.OutlineRunner" name="runScenario" time="1.096"/>
  <system-out/>
  <testcase classname="cucumber.framework.runner.hrms.sceneoutlinefix.OutlineRunner" name="runScenario" time="1.059"/>
  <system-out/>
  <testcase classname="cucumber.framework.runner.hrms.sceneoutlinefix.OutlineRunner" name="runScenario" time="3.079"/>
  <system-out/>
  <testcase classname="cucumber.framework.runner.hrms.sceneoutlinefix.OutlineRunner" name="runScenario" time="1.071"/>
  <system-out/>
  <testcase classname="cucumber.framework.runner.hrms.sceneoutlinefix.OutlineRunner" name="runScenario" time="1.243">
    <failure message="expected [Launching Soo] but found [Launching Soon]" type="java.lang.AssertionError">
      <![CDATA[java.lang.AssertionError: expected [Launching Soo] but found [Launching Soon]
at org.testng.Assert.fail(Assert.java:110)
at org.testng.Assert.failNotEquals(Assert.java:1413)
at org.testng.Assert.assertEqualsImpl(Assert.java:149)
at org.testng.Assert.assertEquals(Assert.java:131)
at org.testng.Assert.assertEquals(Assert.java:655)
at org.testng.Assert.assertEquals(Assert.java:665)
at cucumber.framework.runner.hrms.sceneoutlinefix.Dashboard.user_on_menu_dashboard(Dashboard.java:35)
at ✽.User on menu Dashboard(file:///D:/git-repos/SQA-JAVA/Generate-Jar-File/GenerateJarCucumber/src/main/resources/hrms/sceneoutlinefix/0004dashboard.feature:5)
]]>
    </failure>
  </testcase> <!-- runScenario -->
  <system-out/>
  <testcase classname="cucumber.framework.runner.hrms.sceneoutlinefix.OutlineRunner" name="runScenario" time="1.874"/>
  <system-out/>
  <testcase classname="cucumber.framework.runner.hrms.sceneoutlinefix.OutlineRunner" name="runScenario" time="1.817"/>
  <system-out/>
</testsuite> <!-- cucumber.framework.runner.hrms.sceneoutlinefix.OutlineRunner -->
